[2024-11-02T19:50:57.922+0000] {local_task_job_runner.py:123} INFO - ::group::Pre task execution logs
[2024-11-02T19:50:57.987+0000] {taskinstance.py:2612} INFO - Dependencies all met for dep_context=non-requeueable deps ti=<TaskInstance: car_price_prediction.pipeline scheduled__2022-07-26T15:00:00+00:00 [queued]>
[2024-11-02T19:50:58.027+0000] {taskinstance.py:2612} INFO - Dependencies all met for dep_context=requeueable deps ti=<TaskInstance: car_price_prediction.pipeline scheduled__2022-07-26T15:00:00+00:00 [queued]>
[2024-11-02T19:50:58.032+0000] {taskinstance.py:2865} INFO - Starting attempt 1 of 2
[2024-11-02T19:50:58.091+0000] {taskinstance.py:2888} INFO - Executing <Task(PythonOperator): pipeline> on 2022-07-26 15:00:00+00:00
[2024-11-02T19:50:58.120+0000] {warnings.py:112} WARNING - /home/***/.local/lib/python3.12/site-packages/***/task/task_runner/standard_task_runner.py:70: DeprecationWarning: This process (pid=6853) is multi-threaded, use of fork() may lead to deadlocks in the child.
  pid = os.fork()

[2024-11-02T19:50:58.132+0000] {standard_task_runner.py:104} INFO - Running: ['***', 'tasks', 'run', 'car_price_prediction', 'pipeline', 'scheduled__2022-07-26T15:00:00+00:00', '--job-id', '117', '--raw', '--subdir', 'DAGS_FOLDER/hw_dag.py', '--cfg-path', '/tmp/tmpcrwc_nyt']
[2024-11-02T19:50:58.145+0000] {standard_task_runner.py:72} INFO - Started process 6889 to run task
[2024-11-02T19:50:58.145+0000] {standard_task_runner.py:105} INFO - Job 117: Subtask pipeline
[2024-11-02T19:50:58.359+0000] {task_command.py:467} INFO - Running <TaskInstance: car_price_prediction.pipeline scheduled__2022-07-26T15:00:00+00:00 [running]> on host eb9dd9e7d0cb
[2024-11-02T19:50:58.630+0000] {taskinstance.py:3131} INFO - Exporting env vars: AIRFLOW_CTX_DAG_OWNER='***' AIRFLOW_CTX_DAG_ID='car_price_prediction' AIRFLOW_CTX_TASK_ID='pipeline' AIRFLOW_CTX_EXECUTION_DATE='2022-07-26T15:00:00+00:00' AIRFLOW_CTX_TRY_NUMBER='1' AIRFLOW_CTX_DAG_RUN_ID='scheduled__2022-07-26T15:00:00+00:00'
[2024-11-02T19:50:58.634+0000] {logging_mixin.py:190} INFO - Task instance is in running state
[2024-11-02T19:50:58.647+0000] {logging_mixin.py:190} INFO -  Previous state of the Task instance: queued
[2024-11-02T19:50:58.648+0000] {logging_mixin.py:190} INFO - Current task name:pipeline state:running start_date:2024-11-02 19:50:57.988629+00:00
[2024-11-02T19:50:58.650+0000] {logging_mixin.py:190} INFO - Dag name:car_price_prediction and current dag run status:running
[2024-11-02T19:50:58.661+0000] {taskinstance.py:731} INFO - ::endgroup::
[2024-11-02T19:51:03.103+0000] {pipeline.py:116} INFO - model: LogisticRegression, acc_mean: 0.7591, acc_std: 0.0075
[2024-11-02T19:52:20.098+0000] {pipeline.py:116} INFO - model: RandomForestClassifier, acc_mean: 0.7775, acc_std: 0.0029
[2024-11-02T19:53:48.129+0000] {job.py:229} INFO - Heartbeat recovered after 65.24 seconds
[2024-11-02T19:53:50.209+0000] {pipeline.py:116} INFO - model: SVC, acc_mean: 0.7871, acc_std: 0.0042
[2024-11-02T19:53:50.210+0000] {pipeline.py:121} INFO - best model: SVC, accuracy: 0.7871
[2024-11-02T19:54:08.282+0000] {pipeline.py:129} INFO - Model is saved as /opt/***/data/models/cars_pipe_202411021954.pkl
[2024-11-02T19:54:08.288+0000] {python.py:240} INFO - Done. Returned value was: None
[2024-11-02T19:54:08.324+0000] {taskinstance.py:340} INFO - ::group::Post task execution logs
[2024-11-02T19:54:08.327+0000] {taskinstance.py:352} INFO - Marking task as SUCCESS. dag_id=car_price_prediction, task_id=pipeline, run_id=scheduled__2022-07-26T15:00:00+00:00, execution_date=20220726T150000, start_date=20241102T195057, end_date=20241102T195408
[2024-11-02T19:54:08.393+0000] {logging_mixin.py:190} INFO - Task instance in success state
[2024-11-02T19:54:08.395+0000] {logging_mixin.py:190} INFO -  Previous state of the Task instance: running
[2024-11-02T19:54:08.395+0000] {logging_mixin.py:190} INFO - Dag name:car_price_prediction queued_at:2024-11-02 19:50:41.917142+00:00
[2024-11-02T19:54:08.396+0000] {logging_mixin.py:190} INFO - Task hostname:eb9dd9e7d0cb operator:PythonOperator
[2024-11-02T19:54:08.484+0000] {local_task_job_runner.py:266} INFO - Task exited with return code 0
[2024-11-02T19:54:08.538+0000] {taskinstance.py:3900} INFO - 1 downstream tasks scheduled from follow-on schedule check
[2024-11-02T19:54:08.588+0000] {local_task_job_runner.py:245} INFO - ::endgroup::
