[2024-11-02T19:50:46.464+0000] {local_task_job_runner.py:123} INFO - ::group::Pre task execution logs
[2024-11-02T19:50:46.612+0000] {taskinstance.py:2612} INFO - Dependencies all met for dep_context=non-requeueable deps ti=<TaskInstance: car_price_prediction.pipeline scheduled__2022-07-23T15:00:00+00:00 [queued]>
[2024-11-02T19:50:46.660+0000] {taskinstance.py:2612} INFO - Dependencies all met for dep_context=requeueable deps ti=<TaskInstance: car_price_prediction.pipeline scheduled__2022-07-23T15:00:00+00:00 [queued]>
[2024-11-02T19:50:46.663+0000] {taskinstance.py:2865} INFO - Starting attempt 1 of 2
[2024-11-02T19:50:46.720+0000] {taskinstance.py:2888} INFO - Executing <Task(PythonOperator): pipeline> on 2022-07-23 15:00:00+00:00
[2024-11-02T19:50:46.763+0000] {warnings.py:112} WARNING - /home/***/.local/lib/python3.12/site-packages/***/task/task_runner/standard_task_runner.py:70: DeprecationWarning: This process (pid=6847) is multi-threaded, use of fork() may lead to deadlocks in the child.
  pid = os.fork()

[2024-11-02T19:50:46.766+0000] {standard_task_runner.py:72} INFO - Started process 6885 to run task
[2024-11-02T19:50:46.773+0000] {standard_task_runner.py:104} INFO - Running: ['***', 'tasks', 'run', 'car_price_prediction', 'pipeline', 'scheduled__2022-07-23T15:00:00+00:00', '--job-id', '115', '--raw', '--subdir', 'DAGS_FOLDER/hw_dag.py', '--cfg-path', '/tmp/tmpwizuro6j']
[2024-11-02T19:50:46.779+0000] {standard_task_runner.py:105} INFO - Job 115: Subtask pipeline
[2024-11-02T19:50:46.900+0000] {task_command.py:467} INFO - Running <TaskInstance: car_price_prediction.pipeline scheduled__2022-07-23T15:00:00+00:00 [running]> on host eb9dd9e7d0cb
[2024-11-02T19:50:47.097+0000] {taskinstance.py:3131} INFO - Exporting env vars: AIRFLOW_CTX_DAG_OWNER='***' AIRFLOW_CTX_DAG_ID='car_price_prediction' AIRFLOW_CTX_TASK_ID='pipeline' AIRFLOW_CTX_EXECUTION_DATE='2022-07-23T15:00:00+00:00' AIRFLOW_CTX_TRY_NUMBER='1' AIRFLOW_CTX_DAG_RUN_ID='scheduled__2022-07-23T15:00:00+00:00'
[2024-11-02T19:50:47.102+0000] {logging_mixin.py:190} INFO - Task instance is in running state
[2024-11-02T19:50:47.102+0000] {logging_mixin.py:190} INFO -  Previous state of the Task instance: queued
[2024-11-02T19:50:47.103+0000] {logging_mixin.py:190} INFO - Current task name:pipeline state:running start_date:2024-11-02 19:50:46.615133+00:00
[2024-11-02T19:50:47.104+0000] {logging_mixin.py:190} INFO - Dag name:car_price_prediction and current dag run status:running
[2024-11-02T19:50:47.104+0000] {taskinstance.py:731} INFO - ::endgroup::
[2024-11-02T19:50:51.015+0000] {pipeline.py:116} INFO - model: LogisticRegression, acc_mean: 0.7591, acc_std: 0.0075
[2024-11-02T19:52:06.895+0000] {pipeline.py:116} INFO - model: RandomForestClassifier, acc_mean: 0.7775, acc_std: 0.0029
[2024-11-02T19:53:13.935+0000] {pipeline.py:116} INFO - model: SVC, acc_mean: 0.7871, acc_std: 0.0042
[2024-11-02T19:53:13.937+0000] {pipeline.py:121} INFO - best model: SVC, accuracy: 0.7871
[2024-11-02T19:53:48.100+0000] {job.py:229} INFO - Heartbeat recovered after 61.75 seconds
[2024-11-02T19:53:48.260+0000] {local_task_job_runner.py:266} INFO - Task exited with return code -9For more information, see https://***.apache.org/docs/apache-***/stable/troubleshooting.html#LocalTaskJob-killed
[2024-11-02T19:53:48.434+0000] {taskinstance.py:3900} INFO - 0 downstream tasks scheduled from follow-on schedule check
[2024-11-02T19:53:48.540+0000] {local_task_job_runner.py:245} INFO - ::endgroup::
