[2024-11-02T19:31:35.156+0000] {local_task_job_runner.py:123} INFO - ::group::Pre task execution logs
[2024-11-02T19:31:35.758+0000] {taskinstance.py:2612} INFO - Dependencies all met for dep_context=non-requeueable deps ti=<TaskInstance: car_price_prediction.pipeline scheduled__2022-07-06T15:00:00+00:00 [queued]>
[2024-11-02T19:31:35.795+0000] {taskinstance.py:2612} INFO - Dependencies all met for dep_context=requeueable deps ti=<TaskInstance: car_price_prediction.pipeline scheduled__2022-07-06T15:00:00+00:00 [queued]>
[2024-11-02T19:31:35.799+0000] {taskinstance.py:2865} INFO - Starting attempt 1 of 2
[2024-11-02T19:31:35.885+0000] {taskinstance.py:2888} INFO - Executing <Task(PythonOperator): pipeline> on 2022-07-06 15:00:00+00:00
[2024-11-02T19:31:35.914+0000] {standard_task_runner.py:104} INFO - Running: ['***', 'tasks', 'run', 'car_price_prediction', 'pipeline', 'scheduled__2022-07-06T15:00:00+00:00', '--job-id', '62', '--raw', '--subdir', 'DAGS_FOLDER/hw_dag.py', '--cfg-path', '/tmp/tmpa4xgjcxa']
[2024-11-02T19:31:35.918+0000] {warnings.py:112} WARNING - /home/***/.local/lib/python3.12/site-packages/***/task/task_runner/standard_task_runner.py:70: DeprecationWarning: This process (pid=6176) is multi-threaded, use of fork() may lead to deadlocks in the child.
  pid = os.fork()

[2024-11-02T19:31:35.927+0000] {standard_task_runner.py:72} INFO - Started process 6206 to run task
[2024-11-02T19:31:35.925+0000] {standard_task_runner.py:105} INFO - Job 62: Subtask pipeline
[2024-11-02T19:31:36.145+0000] {task_command.py:467} INFO - Running <TaskInstance: car_price_prediction.pipeline scheduled__2022-07-06T15:00:00+00:00 [running]> on host eb9dd9e7d0cb
[2024-11-02T19:31:36.547+0000] {taskinstance.py:3131} INFO - Exporting env vars: AIRFLOW_CTX_DAG_OWNER='***' AIRFLOW_CTX_DAG_ID='car_price_prediction' AIRFLOW_CTX_TASK_ID='pipeline' AIRFLOW_CTX_EXECUTION_DATE='2022-07-06T15:00:00+00:00' AIRFLOW_CTX_TRY_NUMBER='1' AIRFLOW_CTX_DAG_RUN_ID='scheduled__2022-07-06T15:00:00+00:00'
[2024-11-02T19:31:36.549+0000] {logging_mixin.py:190} INFO - Task instance is in running state
[2024-11-02T19:31:36.550+0000] {logging_mixin.py:190} INFO -  Previous state of the Task instance: queued
[2024-11-02T19:31:36.551+0000] {logging_mixin.py:190} INFO - Current task name:pipeline state:running start_date:2024-11-02 19:31:35.761781+00:00
[2024-11-02T19:31:36.552+0000] {logging_mixin.py:190} INFO - Dag name:car_price_prediction and current dag run status:running
[2024-11-02T19:31:36.553+0000] {taskinstance.py:731} INFO - ::endgroup::
[2024-11-02T19:31:42.172+0000] {pipeline.py:116} INFO - model: LogisticRegression, acc_mean: 0.7591, acc_std: 0.0075
[2024-11-02T19:33:55.313+0000] {job.py:229} INFO - Heartbeat recovered after 56.64 seconds
[2024-11-02T19:33:57.190+0000] {pipeline.py:116} INFO - model: RandomForestClassifier, acc_mean: 0.7775, acc_std: 0.0029
[2024-11-02T19:38:37.132+0000] {job.py:229} INFO - Heartbeat recovered after 245.96 seconds
[2024-11-02T19:38:51.286+0000] {pipeline.py:116} INFO - model: SVC, acc_mean: 0.7871, acc_std: 0.0042
[2024-11-02T19:38:51.312+0000] {pipeline.py:121} INFO - best model: SVC, accuracy: 0.7871
[2024-11-02T19:39:09.402+0000] {pipeline.py:129} INFO - Model is saved as /opt/***/data/models/cars_pipe_202411021939.pkl
[2024-11-02T19:39:09.408+0000] {python.py:240} INFO - Done. Returned value was: None
[2024-11-02T19:39:09.435+0000] {taskinstance.py:340} INFO - ::group::Post task execution logs
[2024-11-02T19:39:09.450+0000] {taskinstance.py:352} INFO - Marking task as SUCCESS. dag_id=car_price_prediction, task_id=pipeline, run_id=scheduled__2022-07-06T15:00:00+00:00, execution_date=20220706T150000, start_date=20241102T193135, end_date=20241102T193909
[2024-11-02T19:39:09.530+0000] {logging_mixin.py:190} INFO - Task instance in success state
[2024-11-02T19:39:09.531+0000] {logging_mixin.py:190} INFO -  Previous state of the Task instance: running
[2024-11-02T19:39:09.532+0000] {logging_mixin.py:190} INFO - Dag name:car_price_prediction queued_at:2024-11-02 19:30:58.383375+00:00
[2024-11-02T19:39:09.533+0000] {logging_mixin.py:190} INFO - Task hostname:eb9dd9e7d0cb operator:PythonOperator
[2024-11-02T19:39:09.687+0000] {local_task_job_runner.py:266} INFO - Task exited with return code 0
[2024-11-02T19:39:09.765+0000] {taskinstance.py:3900} INFO - 1 downstream tasks scheduled from follow-on schedule check
[2024-11-02T19:39:09.779+0000] {local_task_job_runner.py:245} INFO - ::endgroup::
