[2024-11-02T23:07:46.538+0000] {local_task_job_runner.py:123} INFO - ::group::Pre task execution logs
[2024-11-02T23:07:46.589+0000] {taskinstance.py:2612} INFO - Dependencies all met for dep_context=non-requeueable deps ti=<TaskInstance: car_price_prediction.predict scheduled__2022-08-13T15:00:00+00:00 [queued]>
[2024-11-02T23:07:46.612+0000] {taskinstance.py:2612} INFO - Dependencies all met for dep_context=requeueable deps ti=<TaskInstance: car_price_prediction.predict scheduled__2022-08-13T15:00:00+00:00 [queued]>
[2024-11-02T23:07:46.614+0000] {taskinstance.py:2865} INFO - Starting attempt 1 of 2
[2024-11-02T23:07:46.703+0000] {taskinstance.py:2888} INFO - Executing <Task(PythonOperator): predict> on 2022-08-13 15:00:00+00:00
[2024-11-02T23:07:46.739+0000] {warnings.py:112} WARNING - /home/***/.local/lib/python3.12/site-packages/***/task/task_runner/standard_task_runner.py:70: DeprecationWarning: This process (pid=791) is multi-threaded, use of fork() may lead to deadlocks in the child.
  pid = os.fork()

[2024-11-02T23:07:46.754+0000] {standard_task_runner.py:72} INFO - Started process 876 to run task
[2024-11-02T23:07:46.749+0000] {standard_task_runner.py:104} INFO - Running: ['***', 'tasks', 'run', 'car_price_prediction', 'predict', 'scheduled__2022-08-13T15:00:00+00:00', '--job-id', '182', '--raw', '--subdir', 'DAGS_FOLDER/hw_dag.py', '--cfg-path', '/tmp/tmpxzagcp6w']
[2024-11-02T23:07:46.762+0000] {standard_task_runner.py:105} INFO - Job 182: Subtask predict
[2024-11-02T23:07:46.903+0000] {task_command.py:467} INFO - Running <TaskInstance: car_price_prediction.predict scheduled__2022-08-13T15:00:00+00:00 [running]> on host 574d409178bb
[2024-11-02T23:07:47.171+0000] {taskinstance.py:3131} INFO - Exporting env vars: AIRFLOW_CTX_DAG_OWNER='***' AIRFLOW_CTX_DAG_ID='car_price_prediction' AIRFLOW_CTX_TASK_ID='predict' AIRFLOW_CTX_EXECUTION_DATE='2022-08-13T15:00:00+00:00' AIRFLOW_CTX_TRY_NUMBER='1' AIRFLOW_CTX_DAG_RUN_ID='scheduled__2022-08-13T15:00:00+00:00'
[2024-11-02T23:07:47.173+0000] {taskinstance.py:731} INFO - ::endgroup::
[2024-11-02T23:07:47.647+0000] {predict.py:27} INFO - predictions saved as /opt/***/data/predictions/preds_202411022307.csv
[2024-11-02T23:07:47.649+0000] {python.py:240} INFO - Done. Returned value was:        car_id   preds
0  7310993818     low
0  7313922964    high
0  7315173150     low
0  7316152972  medium
0  7316509996    high
[2024-11-02T23:07:47.741+0000] {taskinstance.py:340} INFO - ::group::Post task execution logs
[2024-11-02T23:07:47.744+0000] {taskinstance.py:352} INFO - Marking task as SUCCESS. dag_id=car_price_prediction, task_id=predict, run_id=scheduled__2022-08-13T15:00:00+00:00, execution_date=20220813T150000, start_date=20241102T230746, end_date=20241102T230747
[2024-11-02T23:07:47.801+0000] {local_task_job_runner.py:266} INFO - Task exited with return code 0
[2024-11-02T23:07:47.838+0000] {taskinstance.py:3900} INFO - 0 downstream tasks scheduled from follow-on schedule check
[2024-11-02T23:07:47.844+0000] {local_task_job_runner.py:245} INFO - ::endgroup::
