[2024-11-02T23:07:41.156+0000] {local_task_job_runner.py:123} INFO - ::group::Pre task execution logs
[2024-11-02T23:07:41.209+0000] {taskinstance.py:2612} INFO - Dependencies all met for dep_context=non-requeueable deps ti=<TaskInstance: car_price_prediction.predict scheduled__2022-08-10T15:00:00+00:00 [queued]>
[2024-11-02T23:07:41.231+0000] {taskinstance.py:2612} INFO - Dependencies all met for dep_context=requeueable deps ti=<TaskInstance: car_price_prediction.predict scheduled__2022-08-10T15:00:00+00:00 [queued]>
[2024-11-02T23:07:41.232+0000] {taskinstance.py:2865} INFO - Starting attempt 1 of 2
[2024-11-02T23:07:41.275+0000] {taskinstance.py:2888} INFO - Executing <Task(PythonOperator): predict> on 2022-08-10 15:00:00+00:00
[2024-11-02T23:07:41.292+0000] {warnings.py:112} WARNING - /home/***/.local/lib/python3.12/site-packages/***/task/task_runner/standard_task_runner.py:70: DeprecationWarning: This process (pid=789) is multi-threaded, use of fork() may lead to deadlocks in the child.
  pid = os.fork()

[2024-11-02T23:07:41.294+0000] {standard_task_runner.py:72} INFO - Started process 857 to run task
[2024-11-02T23:07:41.294+0000] {standard_task_runner.py:104} INFO - Running: ['***', 'tasks', 'run', 'car_price_prediction', 'predict', 'scheduled__2022-08-10T15:00:00+00:00', '--job-id', '176', '--raw', '--subdir', 'DAGS_FOLDER/hw_dag.py', '--cfg-path', '/tmp/tmpyjb6ursc']
[2024-11-02T23:07:41.314+0000] {standard_task_runner.py:105} INFO - Job 176: Subtask predict
[2024-11-02T23:07:41.429+0000] {task_command.py:467} INFO - Running <TaskInstance: car_price_prediction.predict scheduled__2022-08-10T15:00:00+00:00 [running]> on host 574d409178bb
[2024-11-02T23:07:41.726+0000] {taskinstance.py:3131} INFO - Exporting env vars: AIRFLOW_CTX_DAG_OWNER='***' AIRFLOW_CTX_DAG_ID='car_price_prediction' AIRFLOW_CTX_TASK_ID='predict' AIRFLOW_CTX_EXECUTION_DATE='2022-08-10T15:00:00+00:00' AIRFLOW_CTX_TRY_NUMBER='1' AIRFLOW_CTX_DAG_RUN_ID='scheduled__2022-08-10T15:00:00+00:00'
[2024-11-02T23:07:41.728+0000] {taskinstance.py:731} INFO - ::endgroup::
[2024-11-02T23:07:42.257+0000] {predict.py:27} INFO - predictions saved as /opt/***/data/predictions/preds_202411022307.csv
[2024-11-02T23:07:42.260+0000] {python.py:240} INFO - Done. Returned value was:        car_id   preds
0  7310993818     low
0  7313922964    high
0  7315173150     low
0  7316152972  medium
0  7316509996    high
[2024-11-02T23:07:42.517+0000] {taskinstance.py:340} INFO - ::group::Post task execution logs
[2024-11-02T23:07:42.518+0000] {taskinstance.py:352} INFO - Marking task as SUCCESS. dag_id=car_price_prediction, task_id=predict, run_id=scheduled__2022-08-10T15:00:00+00:00, execution_date=20220810T150000, start_date=20241102T230741, end_date=20241102T230742
[2024-11-02T23:07:42.585+0000] {local_task_job_runner.py:266} INFO - Task exited with return code 0
[2024-11-02T23:07:42.633+0000] {local_task_job_runner.py:245} INFO - ::endgroup::
