[2024-11-02T19:49:54.867+0000] {local_task_job_runner.py:123} INFO - ::group::Pre task execution logs
[2024-11-02T19:49:55.155+0000] {taskinstance.py:2612} INFO - Dependencies all met for dep_context=non-requeueable deps ti=<TaskInstance: car_price_prediction.pipeline scheduled__2022-07-08T15:00:00+00:00 [queued]>
[2024-11-02T19:49:55.168+0000] {taskinstance.py:2612} INFO - Dependencies all met for dep_context=requeueable deps ti=<TaskInstance: car_price_prediction.pipeline scheduled__2022-07-08T15:00:00+00:00 [queued]>
[2024-11-02T19:49:55.169+0000] {taskinstance.py:2865} INFO - Starting attempt 2 of 2
[2024-11-02T19:49:55.190+0000] {taskinstance.py:2888} INFO - Executing <Task(PythonOperator): pipeline> on 2022-07-08 15:00:00+00:00
[2024-11-02T19:49:55.203+0000] {warnings.py:112} WARNING - /home/***/.local/lib/python3.12/site-packages/***/task/task_runner/standard_task_runner.py:70: DeprecationWarning: This process (pid=6747) is multi-threaded, use of fork() may lead to deadlocks in the child.
  pid = os.fork()

[2024-11-02T19:49:55.206+0000] {standard_task_runner.py:72} INFO - Started process 6792 to run task
[2024-11-02T19:49:55.207+0000] {standard_task_runner.py:104} INFO - Running: ['***', 'tasks', 'run', 'car_price_prediction', 'pipeline', 'scheduled__2022-07-08T15:00:00+00:00', '--job-id', '107', '--raw', '--subdir', 'DAGS_FOLDER/hw_dag.py', '--cfg-path', '/tmp/tmpxtigx_3i']
[2024-11-02T19:49:55.209+0000] {standard_task_runner.py:105} INFO - Job 107: Subtask pipeline
[2024-11-02T19:49:55.288+0000] {task_command.py:467} INFO - Running <TaskInstance: car_price_prediction.pipeline scheduled__2022-07-08T15:00:00+00:00 [running]> on host eb9dd9e7d0cb
[2024-11-02T19:49:55.413+0000] {taskinstance.py:3131} INFO - Exporting env vars: AIRFLOW_CTX_DAG_OWNER='***' AIRFLOW_CTX_DAG_ID='car_price_prediction' AIRFLOW_CTX_TASK_ID='pipeline' AIRFLOW_CTX_EXECUTION_DATE='2022-07-08T15:00:00+00:00' AIRFLOW_CTX_TRY_NUMBER='2' AIRFLOW_CTX_DAG_RUN_ID='scheduled__2022-07-08T15:00:00+00:00'
[2024-11-02T19:49:55.415+0000] {logging_mixin.py:190} INFO - Task instance is in running state
[2024-11-02T19:49:55.416+0000] {logging_mixin.py:190} INFO -  Previous state of the Task instance: queued
[2024-11-02T19:49:55.417+0000] {logging_mixin.py:190} INFO - Current task name:pipeline state:running start_date:2024-11-02 19:49:55.156717+00:00
[2024-11-02T19:49:55.418+0000] {logging_mixin.py:190} INFO - Dag name:car_price_prediction and current dag run status:running
[2024-11-02T19:49:55.418+0000] {taskinstance.py:731} INFO - ::endgroup::
[2024-11-02T19:49:58.002+0000] {pipeline.py:116} INFO - model: LogisticRegression, acc_mean: 0.7591, acc_std: 0.0075
[2024-11-02T19:50:42.589+0000] {pipeline.py:116} INFO - model: RandomForestClassifier, acc_mean: 0.7775, acc_std: 0.0029
[2024-11-02T19:51:22.610+0000] {pipeline.py:116} INFO - model: SVC, acc_mean: 0.7871, acc_std: 0.0042
[2024-11-02T19:51:22.612+0000] {pipeline.py:121} INFO - best model: SVC, accuracy: 0.7871
[2024-11-02T19:51:38.127+0000] {pipeline.py:129} INFO - Model is saved as /opt/***/data/models/cars_pipe_202411021951.pkl
[2024-11-02T19:51:38.134+0000] {python.py:240} INFO - Done. Returned value was: None
[2024-11-02T19:51:38.151+0000] {taskinstance.py:340} INFO - ::group::Post task execution logs
[2024-11-02T19:51:38.154+0000] {taskinstance.py:352} INFO - Marking task as SUCCESS. dag_id=car_price_prediction, task_id=pipeline, run_id=scheduled__2022-07-08T15:00:00+00:00, execution_date=20220708T150000, start_date=20241102T194955, end_date=20241102T195138
[2024-11-02T19:51:38.180+0000] {logging_mixin.py:190} INFO - Task instance in success state
[2024-11-02T19:51:38.182+0000] {logging_mixin.py:190} INFO -  Previous state of the Task instance: running
[2024-11-02T19:51:38.184+0000] {logging_mixin.py:190} INFO - Dag name:car_price_prediction queued_at:2024-11-02 19:32:33.903926+00:00
[2024-11-02T19:51:38.184+0000] {logging_mixin.py:190} INFO - Task hostname:eb9dd9e7d0cb operator:PythonOperator
[2024-11-02T19:51:38.258+0000] {local_task_job_runner.py:266} INFO - Task exited with return code 0
[2024-11-02T19:51:38.277+0000] {local_task_job_runner.py:245} INFO - ::endgroup::
