[2024-11-02T19:26:13.121+0000] {local_task_job_runner.py:123} INFO - ::group::Pre task execution logs
[2024-11-02T19:26:13.172+0000] {taskinstance.py:2612} INFO - Dependencies all met for dep_context=non-requeueable deps ti=<TaskInstance: car_price_prediction.pipeline scheduled__2022-06-12T15:00:00+00:00 [queued]>
[2024-11-02T19:26:13.217+0000] {taskinstance.py:2612} INFO - Dependencies all met for dep_context=requeueable deps ti=<TaskInstance: car_price_prediction.pipeline scheduled__2022-06-12T15:00:00+00:00 [queued]>
[2024-11-02T19:26:13.218+0000] {taskinstance.py:2865} INFO - Starting attempt 2 of 2
[2024-11-02T19:26:13.272+0000] {taskinstance.py:2888} INFO - Executing <Task(PythonOperator): pipeline> on 2022-06-12 15:00:00+00:00
[2024-11-02T19:26:13.290+0000] {warnings.py:112} WARNING - /home/***/.local/lib/python3.12/site-packages/***/task/task_runner/standard_task_runner.py:70: DeprecationWarning: This process (pid=5704) is multi-threaded, use of fork() may lead to deadlocks in the child.
  pid = os.fork()

[2024-11-02T19:26:13.299+0000] {standard_task_runner.py:72} INFO - Started process 5751 to run task
[2024-11-02T19:26:13.318+0000] {standard_task_runner.py:104} INFO - Running: ['***', 'tasks', 'run', 'car_price_prediction', 'pipeline', 'scheduled__2022-06-12T15:00:00+00:00', '--job-id', '24', '--raw', '--subdir', 'DAGS_FOLDER/hw_dag.py', '--cfg-path', '/tmp/tmp9bnv49mk']
[2024-11-02T19:26:13.328+0000] {standard_task_runner.py:105} INFO - Job 24: Subtask pipeline
[2024-11-02T19:26:13.467+0000] {task_command.py:467} INFO - Running <TaskInstance: car_price_prediction.pipeline scheduled__2022-06-12T15:00:00+00:00 [running]> on host eb9dd9e7d0cb
[2024-11-02T19:26:13.665+0000] {taskinstance.py:3131} INFO - Exporting env vars: AIRFLOW_CTX_DAG_OWNER='***' AIRFLOW_CTX_DAG_ID='car_price_prediction' AIRFLOW_CTX_TASK_ID='pipeline' AIRFLOW_CTX_EXECUTION_DATE='2022-06-12T15:00:00+00:00' AIRFLOW_CTX_TRY_NUMBER='2' AIRFLOW_CTX_DAG_RUN_ID='scheduled__2022-06-12T15:00:00+00:00'
[2024-11-02T19:26:13.667+0000] {logging_mixin.py:190} INFO - Task instance is in running state
[2024-11-02T19:26:13.669+0000] {logging_mixin.py:190} INFO -  Previous state of the Task instance: queued
[2024-11-02T19:26:13.671+0000] {logging_mixin.py:190} INFO - Current task name:pipeline state:running start_date:2024-11-02 19:26:13.184825+00:00
[2024-11-02T19:26:13.672+0000] {logging_mixin.py:190} INFO - Dag name:car_price_prediction and current dag run status:running
[2024-11-02T19:26:13.674+0000] {taskinstance.py:731} INFO - ::endgroup::
[2024-11-02T19:26:19.036+0000] {pipeline.py:116} INFO - model: LogisticRegression, acc_mean: 0.7591, acc_std: 0.0075
[2024-11-02T19:27:23.209+0000] {pipeline.py:116} INFO - model: RandomForestClassifier, acc_mean: 0.7775, acc_std: 0.0029
[2024-11-02T19:28:17.496+0000] {pipeline.py:116} INFO - model: SVC, acc_mean: 0.7871, acc_std: 0.0042
[2024-11-02T19:28:17.505+0000] {pipeline.py:121} INFO - best model: SVC, accuracy: 0.7871
[2024-11-02T19:28:49.885+0000] {pipeline.py:129} INFO - Model is saved as /opt/***/data/models/cars_pipe_202411021928.pkl
[2024-11-02T19:28:49.941+0000] {python.py:240} INFO - Done. Returned value was: None
[2024-11-02T19:28:49.997+0000] {taskinstance.py:340} INFO - ::group::Post task execution logs
[2024-11-02T19:28:49.998+0000] {taskinstance.py:352} INFO - Marking task as SUCCESS. dag_id=car_price_prediction, task_id=pipeline, run_id=scheduled__2022-06-12T15:00:00+00:00, execution_date=20220612T150000, start_date=20241102T192613, end_date=20241102T192849
[2024-11-02T19:28:50.157+0000] {logging_mixin.py:190} INFO - Task instance in success state
[2024-11-02T19:28:50.159+0000] {logging_mixin.py:190} INFO -  Previous state of the Task instance: running
[2024-11-02T19:28:50.167+0000] {logging_mixin.py:190} INFO - Dag name:car_price_prediction queued_at:2024-11-02 19:15:40.627281+00:00
[2024-11-02T19:28:50.176+0000] {logging_mixin.py:190} INFO - Task hostname:eb9dd9e7d0cb operator:PythonOperator
[2024-11-02T19:28:50.414+0000] {local_task_job_runner.py:266} INFO - Task exited with return code 0
[2024-11-02T19:28:50.472+0000] {taskinstance.py:3900} INFO - 1 downstream tasks scheduled from follow-on schedule check
[2024-11-02T19:28:50.491+0000] {local_task_job_runner.py:245} INFO - ::endgroup::
